<?xml version="1.0" encoding="UTF-8"?>
<Site BuildName="(empty)"
	BuildStamp="20230914-1659-Experimental"
	Name="(empty)"
	Generator="ctest-3.27.4"
	CompilerName=""
	CompilerVersion=""
	OSName="Linux"
	Hostname="cc8541694624"
	OSRelease="5.10.102.1-microsoft-standard-WSL2"
	OSVersion="#1 SMP Wed Mar 2 00:30:59 UTC 2022"
	OSPlatform="x86_64"
	Is64Bits="1"
	VendorString="GenuineIntel"
	VendorID="Intel Corporation"
	FamilyID="6"
	ModelID="126"
	ProcessorCacheSize="8192"
	NumberOfLogicalCPU="8"
	NumberOfPhysicalCPU="4"
	TotalVirtualMemory="2048"
	TotalPhysicalMemory="7743"
	LogicalProcessorsPerPhysical="2"
	ProcessorClockFrequency="1497.6"
	>
	<Testing>
		<StartDateTime>Sep 14 16:59 UTC</StartDateTime>
		<StartTestTime>1694710799</StartTestTime>
		<TestList/>
		<EndDateTime>Sep 14 16:59 UTC</EndDateTime>
		<EndTestTime>1694710799</EndTestTime>
		<ElapsedMinutes>0</ElapsedMinutes>
	</Testing>
</Site>
